<?xml version="1.0" encoding="UTF-8"?>
<testng-results ignored="0" total="3" passed="3" failed="0" skipped="0">
  <reporter-output>
  </reporter-output>
  <suite started-at="2026-01-31T02:38:04 EST" name="Surefire suite" finished-at="2026-01-31T02:38:12 EST" duration-ms="8262">
    <groups>
    </groups>
    <test started-at="2026-01-31T02:38:04 EST" name="Surefire test" finished-at="2026-01-31T02:38:12 EST" duration-ms="8262">
      <class name="com.tests.CalculatorTest">
        <test-method is-config="true" signature="setup()[pri:0, instance:com.tests.CalculatorTest@6b1274d2]" started-at="2026-01-31T02:38:04 EST" name="setup" finished-at="2026-01-31T02:38:07 EST" duration-ms="3569" status="PASS">
          <reporter-output>
          </reporter-output>
        </test-method> <!-- setup -->
        <test-method signature="testClearButtonFunctionality()[pri:0, instance:com.tests.CalculatorTest@6b1274d2]" started-at="2026-01-31T02:38:07 EST" name="testClearButtonFunctionality" finished-at="2026-01-31T02:38:07 EST" duration-ms="190" status="PASS">
          <reporter-output>
          </reporter-output>
        </test-method> <!-- testClearButtonFunctionality -->
        <test-method is-config="true" signature="tearDown()[pri:0, instance:com.tests.CalculatorTest@6b1274d2]" started-at="2026-01-31T02:38:07 EST" name="tearDown" finished-at="2026-01-31T02:38:08 EST" duration-ms="98" status="PASS">
          <reporter-output>
          </reporter-output>
        </test-method> <!-- tearDown -->
        <test-method is-config="true" signature="setup()[pri:0, instance:com.tests.CalculatorTest@6b1274d2]" started-at="2026-01-31T02:38:08 EST" name="setup" finished-at="2026-01-31T02:38:09 EST" duration-ms="1903" status="PASS">
          <reporter-output>
          </reporter-output>
        </test-method> <!-- setup -->
        <test-method signature="testEmptyFieldsValidation()[pri:0, instance:com.tests.CalculatorTest@6b1274d2]" started-at="2026-01-31T02:38:09 EST" name="testEmptyFieldsValidation" finished-at="2026-01-31T02:38:10 EST" duration-ms="484" status="PASS">
          <reporter-output>
          </reporter-output>
        </test-method> <!-- testEmptyFieldsValidation -->
        <test-method is-config="true" signature="tearDown()[pri:0, instance:com.tests.CalculatorTest@6b1274d2]" started-at="2026-01-31T02:38:10 EST" name="tearDown" finished-at="2026-01-31T02:38:10 EST" duration-ms="124" status="PASS">
          <reporter-output>
          </reporter-output>
        </test-method> <!-- tearDown -->
        <test-method is-config="true" signature="setup()[pri:0, instance:com.tests.CalculatorTest@6b1274d2]" started-at="2026-01-31T02:38:10 EST" name="setup" finished-at="2026-01-31T02:38:12 EST" duration-ms="1583" status="PASS">
          <reporter-output>
          </reporter-output>
        </test-method> <!-- setup -->
        <test-method signature="testUnitSwitching()[pri:0, instance:com.tests.CalculatorTest@6b1274d2]" started-at="2026-01-31T02:38:12 EST" name="testUnitSwitching" finished-at="2026-01-31T02:38:12 EST" duration-ms="205" status="PASS">
          <reporter-output>
          </reporter-output>
        </test-method> <!-- testUnitSwitching -->
        <test-method is-config="true" signature="tearDown()[pri:0, instance:com.tests.CalculatorTest@6b1274d2]" started-at="2026-01-31T02:38:12 EST" name="tearDown" finished-at="2026-01-31T02:38:12 EST" duration-ms="85" status="PASS">
          <reporter-output>
          </reporter-output>
        </test-method> <!-- tearDown -->
      </class> <!-- com.tests.CalculatorTest -->
    </test> <!-- Surefire test -->
  </suite> <!-- Surefire suite -->
</testng-results>
