<?xml version="1.0" encoding="UTF-8"?>
<!-- Generated by org.testng.reporters.JUnitXMLReporter -->
<testsuite ignored="0" hostname="Macintosh.local" failures="0" tests="3" name="Surefire test" time="8.262" errors="0" timestamp="2026-01-31T02:38:12 EST">
  <testcase classname="com.tests.CalculatorTest" name="testClearButtonFunctionality" time="0.19"/>
  <testcase classname="com.tests.CalculatorTest" name="testEmptyFieldsValidation" time="0.484"/>
  <testcase classname="com.tests.CalculatorTest" name="testUnitSwitching" time="0.205"/>
</testsuite> <!-- Surefire test -->
