<?xml version="1.0" encoding="UTF-8"?>
<!-- Generated by org.testng.reporters.JUnitReportReporter -->
<testsuite hostname="Macintosh.local" failures="0" tests="3" name="com.tests.CalculatorTest" time="8.241" errors="0" timestamp="2026-01-31T02:38:12 EST" skipped="0">
  <testcase classname="com.tests.CalculatorTest" name="testEmptyFieldsValidation" time="2.472"/>
  <testcase classname="com.tests.CalculatorTest" name="testUnitSwitching" time="1.912"/>
  <testcase classname="com.tests.CalculatorTest" name="testClearButtonFunctionality" time="3.857"/>
</testsuite> <!-- com.tests.CalculatorTest -->
